23:12:40 **** Rebuild of configuration Debug for project DSA-Reverse An Array Using Temporary Array ****
Info: Internal Builder is used for build
gcc -O0 -g3 -Wall -c -fmessage-length=0 -o "src\\DSA Array Operations.o" "..\\src\\DSA Array Operations.c" 
gcc -o "DSA-Reverse An Array Using Temporary Array.exe" "src\\DSA Array Operations.o" 
23:12:53 **** Incremental Build of configuration Debug for project DSA-Reverse An Array Using Temporary Array ****
Info: Internal Builder is used for build
gcc -O0 -g3 -Wall -c -fmessage-length=0 -o "src\\DSA Array Operations.o" "..\\src\\DSA Array Operations.c" 
..\src\DSA Array Operations.c: In function 'main':
..\src\DSA Array Operations.c:19:1: error: 'for' loop initial declarations are only allowed in C99 mode
..\src\DSA Array Operations.c:19:1: note: use option -std=c99 or -std=gnu99 to compile your code
..\src\DSA Array Operations.c:22:9: error: redefinition of 'i'
..\src\DSA Array Operations.c:19:9: note: previous definition of 'i' was here
..\src\DSA Array Operations.c:22:1: error: 'for' loop initial declarations are only allowed in C99 mode
23:13:25 **** Incremental Build of configuration Debug for project DSA-Reverse An Array Using Temporary Array ****
Info: Internal Builder is used for build
gcc -O0 -g3 -Wall -c -fmessage-length=0 -o "src\\DSA Array Operations.o" "..\\src\\DSA Array Operations.c" 
gcc -o "DSA-Reverse An Array Using Temporary Array.exe" "src\\DSA Array Operations.o" 
Info: Nothing to build for DSA-Reverse An Array Using Temporary Array
23:13:34 **** Incremental Build of configuration Debug for project DSA-Reverse An Array Using Temporary Array ****
Info: Internal Builder is used for build
gcc -O0 -g3 -Wall -c -fmessage-length=0 -o "src\\DSA Array Operations.o" "..\\src\\DSA Array Operations.c" 
gcc -o "DSA-Reverse An Array Using Temporary Array.exe" "src\\DSA Array Operations.o" 
Info: Nothing to build for DSA-Reverse An Array Using Temporary Array
